[0.115s] DEBUG:colcon:Command line arguments: ['/usr/bin/colcon', 'build', '--symlink-install']
[0.115s] DEBUG:colcon:Parsed command line arguments: Namespace(allow_overriding=[], ament_cmake_args=None, base_paths=['.'], build_base='build', catkin_cmake_args=None, catkin_skip_building_tests=False, cmake_args=None, cmake_clean_cache=False, cmake_clean_first=False, cmake_force_configure=False, cmake_target=None, cmake_target_skip_unavailable=False, continue_on_error=False, event_handlers=None, executor='parallel', ignore_user_meta=False, install_base='install', log_base=None, log_level=None, main=<bound method BuildVerb.main of <colcon_core.verb.build.BuildVerb object at 0x7fa2cbdb9b20>>, merge_install=False, metas=['./colcon.meta'], packages_above=None, packages_above_and_dependencies=None, packages_above_depth=None, packages_end=None, packages_ignore=None, packages_ignore_regex=None, packages_select=None, packages_select_build_failed=False, packages_select_by_dep=None, packages_select_regex=None, packages_select_test_failures=False, packages_skip=None, packages_skip_build_finished=False, packages_skip_by_dep=None, packages_skip_regex=None, packages_skip_test_passed=False, packages_skip_up_to=None, packages_start=None, packages_up_to=None, packages_up_to_regex=None, parallel_workers=8, paths=None, symlink_install=True, test_result_base=None, verb_extension=<colcon_core.verb.build.BuildVerb object at 0x7fa2cbdb9b20>, verb_name='build', verb_parser=<colcon_defaults.argument_parser.defaults.DefaultArgumentsDecorator object at 0x7fa2cbdc50d0>)
[0.135s] Level 1:colcon.colcon_core.package_discovery:discover_packages(colcon_meta) check parameters
[0.135s] Level 1:colcon.colcon_core.package_discovery:discover_packages(recursive) check parameters
[0.135s] Level 1:colcon.colcon_core.package_discovery:discover_packages(ignore) check parameters
[0.136s] Level 1:colcon.colcon_core.package_discovery:discover_packages(path) check parameters
[0.136s] Level 1:colcon.colcon_core.package_discovery:discover_packages(colcon_meta) discover
[0.136s] Level 1:colcon.colcon_core.package_discovery:discover_packages(recursive) discover
[0.136s] INFO:colcon.colcon_core.package_discovery:Crawling recursively for packages in '/home/yoy/Desktop/metu_gui_v2'
[0.136s] Level 1:colcon.colcon_core.package_identification:_identify(.) by extensions ['ignore', 'ignore_ament_install']
[0.136s] Level 1:colcon.colcon_core.package_identification:_identify(.) by extension 'ignore'
[0.136s] Level 1:colcon.colcon_core.package_identification:_identify(.) by extension 'ignore_ament_install'
[0.136s] Level 1:colcon.colcon_core.package_identification:_identify(.) by extensions ['colcon_pkg']
[0.136s] Level 1:colcon.colcon_core.package_identification:_identify(.) by extension 'colcon_pkg'
[0.136s] Level 1:colcon.colcon_core.package_identification:_identify(.) by extensions ['colcon_meta']
[0.136s] Level 1:colcon.colcon_core.package_identification:_identify(.) by extension 'colcon_meta'
[0.136s] Level 1:colcon.colcon_core.package_identification:_identify(.) by extensions ['ros']
[0.136s] Level 1:colcon.colcon_core.package_identification:_identify(.) by extension 'ros'
[0.145s] Level 1:colcon.colcon_core.package_identification:_identify(.) by extensions ['cmake', 'python']
[0.145s] Level 1:colcon.colcon_core.package_identification:_identify(.) by extension 'cmake'
[0.145s] Level 1:colcon.colcon_core.package_identification:_identify(.) by extension 'python'
[0.145s] Level 1:colcon.colcon_core.package_identification:_identify(.) by extensions ['python_setup_py']
[0.145s] Level 1:colcon.colcon_core.package_identification:_identify(.) by extension 'python_setup_py'
[0.145s] Level 1:colcon.colcon_core.package_identification:_identify(__pycache__) by extensions ['ignore', 'ignore_ament_install']
[0.145s] Level 1:colcon.colcon_core.package_identification:_identify(__pycache__) by extension 'ignore'
[0.145s] Level 1:colcon.colcon_core.package_identification:_identify(__pycache__) by extension 'ignore_ament_install'
[0.145s] Level 1:colcon.colcon_core.package_identification:_identify(__pycache__) by extensions ['colcon_pkg']
[0.145s] Level 1:colcon.colcon_core.package_identification:_identify(__pycache__) by extension 'colcon_pkg'
[0.145s] Level 1:colcon.colcon_core.package_identification:_identify(__pycache__) by extensions ['colcon_meta']
[0.146s] Level 1:colcon.colcon_core.package_identification:_identify(__pycache__) by extension 'colcon_meta'
[0.146s] Level 1:colcon.colcon_core.package_identification:_identify(__pycache__) by extensions ['ros']
[0.146s] Level 1:colcon.colcon_core.package_identification:_identify(__pycache__) by extension 'ros'
[0.146s] Level 1:colcon.colcon_core.package_identification:_identify(__pycache__) by extensions ['cmake', 'python']
[0.146s] Level 1:colcon.colcon_core.package_identification:_identify(__pycache__) by extension 'cmake'
[0.146s] Level 1:colcon.colcon_core.package_identification:_identify(__pycache__) by extension 'python'
[0.146s] Level 1:colcon.colcon_core.package_identification:_identify(__pycache__) by extensions ['python_setup_py']
[0.146s] Level 1:colcon.colcon_core.package_identification:_identify(__pycache__) by extension 'python_setup_py'
[0.146s] Level 1:colcon.colcon_core.package_identification:_identify(build) by extensions ['ignore', 'ignore_ament_install']
[0.146s] Level 1:colcon.colcon_core.package_identification:_identify(build) by extension 'ignore'
[0.146s] Level 1:colcon.colcon_core.package_identification:_identify(build) ignored
[0.146s] Level 1:colcon.colcon_core.package_identification:_identify(install) by extensions ['ignore', 'ignore_ament_install']
[0.146s] Level 1:colcon.colcon_core.package_identification:_identify(install) by extension 'ignore'
[0.146s] Level 1:colcon.colcon_core.package_identification:_identify(install) ignored
[0.146s] Level 1:colcon.colcon_core.package_identification:_identify(log) by extensions ['ignore', 'ignore_ament_install']
[0.146s] Level 1:colcon.colcon_core.package_identification:_identify(log) by extension 'ignore'
[0.147s] Level 1:colcon.colcon_core.package_identification:_identify(log) ignored
[0.147s] Level 1:colcon.colcon_core.package_identification:_identify(src) by extensions ['ignore', 'ignore_ament_install']
[0.147s] Level 1:colcon.colcon_core.package_identification:_identify(src) by extension 'ignore'
[0.147s] Level 1:colcon.colcon_core.package_identification:_identify(src) by extension 'ignore_ament_install'
[0.147s] Level 1:colcon.colcon_core.package_identification:_identify(src) by extensions ['colcon_pkg']
[0.147s] Level 1:colcon.colcon_core.package_identification:_identify(src) by extension 'colcon_pkg'
[0.147s] Level 1:colcon.colcon_core.package_identification:_identify(src) by extensions ['colcon_meta']
[0.147s] Level 1:colcon.colcon_core.package_identification:_identify(src) by extension 'colcon_meta'
[0.147s] Level 1:colcon.colcon_core.package_identification:_identify(src) by extensions ['ros']
[0.147s] Level 1:colcon.colcon_core.package_identification:_identify(src) by extension 'ros'
[0.147s] Level 1:colcon.colcon_core.package_identification:_identify(src) by extensions ['cmake', 'python']
[0.147s] Level 1:colcon.colcon_core.package_identification:_identify(src) by extension 'cmake'
[0.147s] Level 1:colcon.colcon_core.package_identification:_identify(src) by extension 'python'
[0.147s] Level 1:colcon.colcon_core.package_identification:_identify(src) by extensions ['python_setup_py']
[0.147s] Level 1:colcon.colcon_core.package_identification:_identify(src) by extension 'python_setup_py'
[0.147s] Level 1:colcon.colcon_core.package_identification:_identify(src/gui) by extensions ['ignore', 'ignore_ament_install']
[0.147s] Level 1:colcon.colcon_core.package_identification:_identify(src/gui) by extension 'ignore'
[0.147s] Level 1:colcon.colcon_core.package_identification:_identify(src/gui) by extension 'ignore_ament_install'
[0.147s] Level 1:colcon.colcon_core.package_identification:_identify(src/gui) by extensions ['colcon_pkg']
[0.147s] Level 1:colcon.colcon_core.package_identification:_identify(src/gui) by extension 'colcon_pkg'
[0.148s] Level 1:colcon.colcon_core.package_identification:_identify(src/gui) by extensions ['colcon_meta']
[0.148s] Level 1:colcon.colcon_core.package_identification:_identify(src/gui) by extension 'colcon_meta'
[0.148s] Level 1:colcon.colcon_core.package_identification:_identify(src/gui) by extensions ['ros']
[0.148s] Level 1:colcon.colcon_core.package_identification:_identify(src/gui) by extension 'ros'
[0.150s] DEBUG:colcon.colcon_core.package_identification:Package 'src/gui' with type 'ros.ament_python' and name 'gui'
[0.150s] Level 1:colcon.colcon_core.package_discovery:discover_packages(recursive) using defaults
[0.150s] Level 1:colcon.colcon_core.package_discovery:discover_packages(ignore) discover
[0.150s] Level 1:colcon.colcon_core.package_discovery:discover_packages(ignore) using defaults
[0.150s] Level 1:colcon.colcon_core.package_discovery:discover_packages(path) discover
[0.150s] Level 1:colcon.colcon_core.package_discovery:discover_packages(path) using defaults
[0.174s] Level 1:colcon.colcon_core.package_discovery:discover_packages(prefix_path) check parameters
[0.174s] Level 1:colcon.colcon_core.package_discovery:discover_packages(prefix_path) discover
[0.177s] DEBUG:colcon.colcon_installed_package_information.package_discovery:Found 9 installed packages in /home/yoy/turtlebot3/install
[0.179s] DEBUG:colcon.colcon_installed_package_information.package_discovery:Found 368 installed packages in /opt/ros/foxy
[0.181s] Level 1:colcon.colcon_core.package_discovery:discover_packages(prefix_path) using defaults
[0.254s] Level 5:colcon.colcon_core.verb:set package 'gui' build argument 'cmake_args' from command line to 'None'
[0.255s] Level 5:colcon.colcon_core.verb:set package 'gui' build argument 'cmake_target' from command line to 'None'
[0.255s] Level 5:colcon.colcon_core.verb:set package 'gui' build argument 'cmake_target_skip_unavailable' from command line to 'False'
[0.255s] Level 5:colcon.colcon_core.verb:set package 'gui' build argument 'cmake_clean_cache' from command line to 'False'
[0.255s] Level 5:colcon.colcon_core.verb:set package 'gui' build argument 'cmake_clean_first' from command line to 'False'
[0.255s] Level 5:colcon.colcon_core.verb:set package 'gui' build argument 'cmake_force_configure' from command line to 'False'
[0.255s] Level 5:colcon.colcon_core.verb:set package 'gui' build argument 'ament_cmake_args' from command line to 'None'
[0.255s] Level 5:colcon.colcon_core.verb:set package 'gui' build argument 'catkin_cmake_args' from command line to 'None'
[0.255s] Level 5:colcon.colcon_core.verb:set package 'gui' build argument 'catkin_skip_building_tests' from command line to 'False'
[0.255s] DEBUG:colcon.colcon_core.verb:Building package 'gui' with the following arguments: {'ament_cmake_args': None, 'build_base': '/home/yoy/Desktop/metu_gui_v2/build/gui', 'catkin_cmake_args': None, 'catkin_skip_building_tests': False, 'cmake_args': None, 'cmake_clean_cache': False, 'cmake_clean_first': False, 'cmake_force_configure': False, 'cmake_target': None, 'cmake_target_skip_unavailable': False, 'install_base': '/home/yoy/Desktop/metu_gui_v2/install/gui', 'merge_install': False, 'path': '/home/yoy/Desktop/metu_gui_v2/src/gui', 'symlink_install': True, 'test_result_base': None}
[0.255s] INFO:colcon.colcon_core.executor:Executing jobs using 'parallel' executor
[0.259s] DEBUG:colcon.colcon_parallel_executor.executor.parallel:run_until_complete
[0.259s] INFO:colcon.colcon_ros.task.ament_python.build:Building ROS package in '/home/yoy/Desktop/metu_gui_v2/src/gui' with build type 'ament_python'
[0.259s] Level 1:colcon.colcon_core.shell:create_environment_hook('gui', 'ament_prefix_path')
[0.263s] INFO:colcon.colcon_core.plugin_system:Skipping extension 'colcon_core.shell.bat': Not used on non-Windows systems
[0.263s] INFO:colcon.colcon_core.shell:Creating environment hook '/home/yoy/Desktop/metu_gui_v2/install/gui/share/gui/hook/ament_prefix_path.ps1'
[0.264s] INFO:colcon.colcon_core.shell:Creating environment descriptor '/home/yoy/Desktop/metu_gui_v2/install/gui/share/gui/hook/ament_prefix_path.dsv'
[0.264s] INFO:colcon.colcon_core.shell:Creating environment hook '/home/yoy/Desktop/metu_gui_v2/install/gui/share/gui/hook/ament_prefix_path.sh'
[0.265s] INFO:colcon.colcon_core.shell:Skip shell extension 'powershell' for command environment: Not usable outside of PowerShell
[0.266s] DEBUG:colcon.colcon_core.shell:Skip shell extension 'dsv' for command environment
[0.482s] INFO:colcon.colcon_core.task.python.build:Building Python package in '/home/yoy/Desktop/metu_gui_v2/src/gui'
[0.483s] INFO:colcon.colcon_core.shell:Skip shell extension 'powershell' for command environment: Not usable outside of PowerShell
[0.483s] DEBUG:colcon.colcon_core.shell:Skip shell extension 'dsv' for command environment
[0.820s] DEBUG:colcon.colcon_core.event_handler.log_command:Invoking command in '/home/yoy/Desktop/metu_gui_v2/build/gui': PYTHONPATH=/home/yoy/Desktop/metu_gui_v2/install/gui/lib/python3.8/site-packages:${PYTHONPATH} /usr/bin/python3 setup.py develop --prefix /home/yoy/Desktop/metu_gui_v2/install/gui --editable --build-directory /home/yoy/Desktop/metu_gui_v2/build/gui/build --no-deps install_data --install-dir /home/yoy/Desktop/metu_gui_v2/install/gui
[1.214s] Level 1:colcon.colcon_core.shell:create_environment_hook('gui', 'pythonpath_develop')
[1.216s] INFO:colcon.colcon_core.shell:Creating environment hook '/home/yoy/Desktop/metu_gui_v2/build/gui/share/gui/hook/pythonpath_develop.ps1'
[1.217s] INFO:colcon.colcon_core.shell:Creating environment descriptor '/home/yoy/Desktop/metu_gui_v2/build/gui/share/gui/hook/pythonpath_develop.dsv'
[1.217s] DEBUG:colcon.colcon_core.event_handler.log_command:Invoked command in '/home/yoy/Desktop/metu_gui_v2/build/gui' returned '0': PYTHONPATH=/home/yoy/Desktop/metu_gui_v2/install/gui/lib/python3.8/site-packages:${PYTHONPATH} /usr/bin/python3 setup.py develop --prefix /home/yoy/Desktop/metu_gui_v2/install/gui --editable --build-directory /home/yoy/Desktop/metu_gui_v2/build/gui/build --no-deps install_data --install-dir /home/yoy/Desktop/metu_gui_v2/install/gui
[1.217s] INFO:colcon.colcon_core.shell:Creating environment hook '/home/yoy/Desktop/metu_gui_v2/build/gui/share/gui/hook/pythonpath_develop.sh'
[1.222s] Level 1:colcon.colcon_core.environment:checking '/home/yoy/Desktop/metu_gui_v2/install/gui' for CMake module files
[1.222s] Level 1:colcon.colcon_core.environment:checking '/home/yoy/Desktop/metu_gui_v2/install/gui' for CMake config files
[1.222s] Level 1:colcon.colcon_core.environment:checking '/home/yoy/Desktop/metu_gui_v2/install/gui/lib'
[1.223s] Level 1:colcon.colcon_core.environment:checking '/home/yoy/Desktop/metu_gui_v2/install/gui/bin'
[1.223s] Level 1:colcon.colcon_core.environment:checking '/home/yoy/Desktop/metu_gui_v2/install/gui/lib/pkgconfig/gui.pc'
[1.223s] Level 1:colcon.colcon_core.environment:checking '/home/yoy/Desktop/metu_gui_v2/install/gui/lib/python3.8/site-packages'
[1.223s] Level 1:colcon.colcon_core.shell:create_environment_hook('gui', 'pythonpath')
[1.224s] INFO:colcon.colcon_core.shell:Creating environment hook '/home/yoy/Desktop/metu_gui_v2/install/gui/share/gui/hook/pythonpath.ps1'
[1.224s] INFO:colcon.colcon_core.shell:Creating environment descriptor '/home/yoy/Desktop/metu_gui_v2/install/gui/share/gui/hook/pythonpath.dsv'
[1.224s] INFO:colcon.colcon_core.shell:Creating environment hook '/home/yoy/Desktop/metu_gui_v2/install/gui/share/gui/hook/pythonpath.sh'
[1.225s] Level 1:colcon.colcon_core.environment:checking '/home/yoy/Desktop/metu_gui_v2/install/gui/bin'
[1.225s] Level 1:colcon.colcon_core.environment:create_environment_scripts_only(gui)
[1.226s] INFO:colcon.colcon_core.shell:Creating package script '/home/yoy/Desktop/metu_gui_v2/install/gui/share/gui/package.ps1'
[1.227s] INFO:colcon.colcon_core.shell:Creating package descriptor '/home/yoy/Desktop/metu_gui_v2/install/gui/share/gui/package.dsv'
[1.227s] INFO:colcon.colcon_core.shell:Creating package script '/home/yoy/Desktop/metu_gui_v2/install/gui/share/gui/package.sh'
[1.228s] INFO:colcon.colcon_core.shell:Creating package script '/home/yoy/Desktop/metu_gui_v2/install/gui/share/gui/package.bash'
[1.228s] INFO:colcon.colcon_core.shell:Creating package script '/home/yoy/Desktop/metu_gui_v2/install/gui/share/gui/package.zsh'
[1.229s] Level 1:colcon.colcon_core.environment:create_file_with_runtime_dependencies(/home/yoy/Desktop/metu_gui_v2/install/gui/share/colcon-core/packages/gui)
[1.229s] DEBUG:colcon.colcon_parallel_executor.executor.parallel:closing loop
[1.229s] DEBUG:colcon.colcon_parallel_executor.executor.parallel:loop closed
[1.229s] DEBUG:colcon.colcon_parallel_executor.executor.parallel:run_until_complete finished with '0'
[1.229s] DEBUG:colcon.colcon_core.event_reactor:joining thread
[1.234s] INFO:colcon.colcon_core.plugin_system:Skipping extension 'colcon_notification.desktop_notification.terminal_notifier': Not used on non-Darwin systems
[1.234s] INFO:colcon.colcon_core.plugin_system:Skipping extension 'colcon_notification.desktop_notification.win32': Not used on non-Windows systems
[1.234s] INFO:colcon.colcon_notification.desktop_notification:Sending desktop notification using 'notify2'
[1.246s] DEBUG:colcon.colcon_core.event_reactor:joined thread
[1.248s] INFO:colcon.colcon_core.shell:Creating prefix script '/home/yoy/Desktop/metu_gui_v2/install/local_setup.ps1'
[1.249s] INFO:colcon.colcon_core.shell:Creating prefix util module '/home/yoy/Desktop/metu_gui_v2/install/_local_setup_util_ps1.py'
[1.250s] INFO:colcon.colcon_core.shell:Creating prefix chain script '/home/yoy/Desktop/metu_gui_v2/install/setup.ps1'
[1.252s] INFO:colcon.colcon_core.shell:Creating prefix script '/home/yoy/Desktop/metu_gui_v2/install/local_setup.sh'
[1.252s] INFO:colcon.colcon_core.shell:Creating prefix util module '/home/yoy/Desktop/metu_gui_v2/install/_local_setup_util_sh.py'
[1.253s] INFO:colcon.colcon_core.shell:Creating prefix chain script '/home/yoy/Desktop/metu_gui_v2/install/setup.sh'
[1.254s] INFO:colcon.colcon_core.shell:Creating prefix script '/home/yoy/Desktop/metu_gui_v2/install/local_setup.bash'
[1.254s] INFO:colcon.colcon_core.shell:Creating prefix chain script '/home/yoy/Desktop/metu_gui_v2/install/setup.bash'
[1.256s] INFO:colcon.colcon_core.shell:Creating prefix script '/home/yoy/Desktop/metu_gui_v2/install/local_setup.zsh'
[1.256s] INFO:colcon.colcon_core.shell:Creating prefix chain script '/home/yoy/Desktop/metu_gui_v2/install/setup.zsh'
