running develop
running egg_info
creating gui.egg-info
writing gui.egg-info/PKG-INFO
writing dependency_links to gui.egg-info/dependency_links.txt
writing entry points to gui.egg-info/entry_points.txt
writing requirements to gui.egg-info/requires.txt
writing top-level names to gui.egg-info/top_level.txt
writing manifest file 'gui.egg-info/SOURCES.txt'
reading manifest file 'gui.egg-info/SOURCES.txt'
writing manifest file 'gui.egg-info/SOURCES.txt'
running build_ext
Creating /home/yoy/Desktop/metu_gui_v2/install/gui/lib/python3.8/site-packages/site.py
Creating /home/yoy/Desktop/metu_gui_v2/install/gui/lib/python3.8/site-packages/gui.egg-link (link to .)
Installing listener script to /home/yoy/Desktop/metu_gui_v2/install/gui/lib/gui
Installing talker script to /home/yoy/Desktop/metu_gui_v2/install/gui/lib/gui

Installed /home/yoy/Desktop/metu_gui_v2/build/gui
running install_data
creating /home/yoy/Desktop/metu_gui_v2/install/gui/share/ament_index
creating /home/yoy/Desktop/metu_gui_v2/install/gui/share/ament_index/resource_index
creating /home/yoy/Desktop/metu_gui_v2/install/gui/share/ament_index/resource_index/packages
copying resource/gui -> /home/yoy/Desktop/metu_gui_v2/install/gui/share/ament_index/resource_index/packages
copying package.xml -> /home/yoy/Desktop/metu_gui_v2/install/gui/share/gui
