[0.610s] Invoking command in '/home/yoy/Desktop/metu_gui_v2/build/gui': PYTHONPATH=/home/yoy/Desktop/metu_gui_v2/install/gui/lib/python3.8/site-packages:${PYTHONPATH} /usr/bin/python3 setup.py develop --prefix /home/yoy/Desktop/metu_gui_v2/install/gui --editable --build-directory /home/yoy/Desktop/metu_gui_v2/build/gui/build --no-deps install_data --install-dir /home/yoy/Desktop/metu_gui_v2/install/gui
[0.804s] running develop
[0.925s] running egg_info
[0.925s] creating gui.egg-info
[0.925s] writing gui.egg-info/PKG-INFO
[0.925s] writing dependency_links to gui.egg-info/dependency_links.txt
[0.926s] writing entry points to gui.egg-info/entry_points.txt
[0.926s] writing requirements to gui.egg-info/requires.txt
[0.926s] writing top-level names to gui.egg-info/top_level.txt
[0.931s] writing manifest file 'gui.egg-info/SOURCES.txt'
[0.956s] reading manifest file 'gui.egg-info/SOURCES.txt'
[0.957s] writing manifest file 'gui.egg-info/SOURCES.txt'
[0.982s] running build_ext
[0.983s] Creating /home/yoy/Desktop/metu_gui_v2/install/gui/lib/python3.8/site-packages/site.py
[0.984s] Creating /home/yoy/Desktop/metu_gui_v2/install/gui/lib/python3.8/site-packages/gui.egg-link (link to .)
[0.985s] Installing listener script to /home/yoy/Desktop/metu_gui_v2/install/gui/lib/gui
[0.985s] Installing talker script to /home/yoy/Desktop/metu_gui_v2/install/gui/lib/gui
[0.985s] 
[0.986s] Installed /home/yoy/Desktop/metu_gui_v2/build/gui
[0.986s] running install_data
[0.986s] creating /home/yoy/Desktop/metu_gui_v2/install/gui/share/ament_index
[0.986s] creating /home/yoy/Desktop/metu_gui_v2/install/gui/share/ament_index/resource_index
[0.986s] creating /home/yoy/Desktop/metu_gui_v2/install/gui/share/ament_index/resource_index/packages
[0.986s] copying resource/gui -> /home/yoy/Desktop/metu_gui_v2/install/gui/share/ament_index/resource_index/packages
[0.986s] copying package.xml -> /home/yoy/Desktop/metu_gui_v2/install/gui/share/gui
[1.006s] Invoked command in '/home/yoy/Desktop/metu_gui_v2/build/gui' returned '0': PYTHONPATH=/home/yoy/Desktop/metu_gui_v2/install/gui/lib/python3.8/site-packages:${PYTHONPATH} /usr/bin/python3 setup.py develop --prefix /home/yoy/Desktop/metu_gui_v2/install/gui --editable --build-directory /home/yoy/Desktop/metu_gui_v2/build/gui/build --no-deps install_data --install-dir /home/yoy/Desktop/metu_gui_v2/install/gui
